Script started on Fri Jun  8 09:47:51 2018
### Quality filtering ###

When using the incorporated tools, please cite as follows:

mothur - Schloss, P.D., et al., 2009. Introducing mothur: Open-Source, Platform-Independent, Community-Supported Software for Describing and Comparing Microbial Communities. Applied and Environmental Microbiology 75, 7537-7541.
www.mothur.org

vsearch - github.com/torognes/vsearch
Copyright (C) 2014-2015, Torbjorn Rognes, Frederic Mahe and Tomas Flouri.

OBITools (v1.2.9) - Boyer F., Mercier C., Bonin A., et al., 2016. OBITOOLS: a UNIX-inspired software package for DNA metabarcoding. Molecular Ecology Resources 16, 176-182.
Distributed under the CeCILL free software licence version 2
metabarcoding.org//obitools/doc/index.html
________________________________________________
Working directory = /shared/Shared_folder/Metagenomics/africa/483_2

Input = /shared/Shared_folder/Metagenomics/africa/483_2/pb_483_002.reads_of_insert.fastq
Input fastq contains 8942 sequences
Filtering options ->
truncqual = 19
maxee = 1
maxee_rate = 5
minlength = 150
maxambig = 0
qmax = 50

# Filtering with vsearch ... 
vsearch --fastq_filter /shared/Shared_folder/Metagenomics/africa/483_2/pb_483_002.reads_of_insert.fastq --fastq_qmax 50 --fastq_truncqual 19 --fastq_maxee 1 --fastq_maxee_rate 5 --fastq_minlen 150 --fastq_maxns 0 --fastqout_discarded /shared/Shared_folder/Metagenomics/africa/483_2/pb_483_002.reads_of_insert.scrap.fastq --fastqout /shared/Shared_folder/Metagenomics/africa/483_2/pb_483_002.reads_of_insert.trim.fastq
vsearch v1.11.1_linux_x86_64, 13.7GB RAM, 1 cores

4623 sequences kept (of which 1456 truncated), 4319 sequences discarded.

##########################
DONE
############################
Quality filtering with vsearch, finished
##############################
output = /shared/Shared_folder/Metagenomics/africa/483_2/pb_483_002.reads_of_insert.trim.fastq, contains 4623 sequences
################################
You may close this window now!

Script done on Fri Jun  8 09:47:52 2018
