Script started on Mon Sep  3 09:25:28 2018
### Gene extraction ###

When using the incorporated tools, please cite as follows:
ITS Extractor - Bengtsson-Palme J., et al., 2013. Improved software detection and extraction of ITS1 and ITS2 from ribosomal ITS sequences of fungi and other eukaryotes for analysis of environmental sequencing data. Methods in Ecology and Evolution 4, 914-919.
Copyright (C) 2012-2014 Johan Bengtsson-Palme et al.
microbiology.se/software/itsx/

V-Xtractor - Hartmann M., et al., 2010. V-Xtractor: An open-source, high-throughput software tool to identify and extract hypervariable regions of small subunit (16 S/18 S) ribosomal RNA gene sequences. Journal of Microbiological Methods 83, 250-253.
Copyright (C) Hartmann et al. 2010
www.microbiome.ch/Tools.html

Metaxa2 - Bengtsson-Palme J., et al., 2015. Metaxa2: improved identification and taxonomic classification of small and large subunit rRNA in metagenomic data. Molecular Ecology Resources 15, 1403-1414.
Copyright (C) 2011-2016 Johan Bengtsson-Palme et al.
microbiology.se/software/metaxa2/

mothur - Schloss, P.D., et al., 2009. Introducing mothur: Open-Source, Platform-Independent, Community-Supported Software for Describing and Comparing Microbial Communities. Applied and Environmental Microbiology 75, 7537-7541.
www.mothur.org
____________________________________________________

### Make unique seqs prior to extraction ###

mothur > unique.seqs(fasta=/shared/Shared_folder/Metagenomics/africa/Combined_pacbio/Filtered_ChimerasDenovoRef.fasta)
1000	838
2000	1573
3000	2330
4000	3084
4690	3634

Output File Names: 
/shared/Shared_folder/Metagenomics/africa/Combined_pacbio/Filtered_ChimerasDenovoRef.names
/shared/Shared_folder/Metagenomics/africa/Combined_pacbio/Filtered_ChimerasDenovoRef.unique.fasta

### ITSx 1.0.11 ###
# Extracting ITS #

region(s) = all
Organism group(s) = all
CPUs = 4

Submitting /shared/Shared_folder/Metagenomics/africa/Combined_pacbio/Filtered_ChimerasDenovoRef.unique.fasta to ITSx
...
 
ITSx -i /shared/Shared_folder/Metagenomics/africa/Combined_pacbio/Filtered_ChimerasDenovoRef.unique.fasta --save_regions all -t all --cpu 4 -o ITSx_out --complement F --graphical F --preserve T

ITSx -- Identifies ITS sequences and extracts the ITS region
Version: 1.0.11
-----------------------------------------------------------------
Mon Sep  3 09:25:29 2018 : Preparing HMM database (should be quick)...
Mon Sep  3 09:25:29 2018 : Checking and handling input sequence data (should not take long)...
Mon Sep  3 09:25:29 2018 : Doing paralellised comparison to HMM database (this may take a long while)...
    Mon Sep  3 09:26:10 2018 : Bryophyta analysis of main strand finished.
    Mon Sep  3 09:26:11 2018 : Bacillariophyta analysis of main strand finished.
    Mon Sep  3 09:26:18 2018 : Amoebozoa analysis of main strand finished.
    Mon Sep  3 09:26:49 2018 : Euglenozoa analysis of main strand finished.
    Mon Sep  3 09:27:39 2018 : Rhodophyta analysis of main strand finished.
    Mon Sep  3 09:27:59 2018 : Phaeophyceae analysis of main strand finished.
    Mon Sep  3 09:28:00 2018 : Chlorophyta analysis of main strand finished.
    Mon Sep  3 09:28:09 2018 : Alveolates analysis of main strand finished.
    Mon Sep  3 09:29:22 2018 : Marchantiophyta analysis of main strand finished.
    Mon Sep  3 09:29:54 2018 : Haptophyceae analysis of main strand finished.
    Mon Sep  3 09:30:15 2018 : Oomycota analysis of main strand finished.
    Mon Sep  3 09:30:18 2018 : Raphidophyceae analysis of main strand finished.
    Mon Sep  3 09:30:49 2018 : Synurophyceae analysis of main strand finished.
    Mon Sep  3 09:31:43 2018 : Rhizaria analysis of main strand finished.
    Mon Sep  3 09:32:12 2018 : Eustigmatophyceae analysis of main strand finished.
    Mon Sep  3 09:37:34 2018 : Tracheophyta analysis of main strand finished.
    Mon Sep  3 09:38:13 2018 : Metazoa analysis of main strand finished.
    Mon Sep  3 09:38:17 2018 : Fungi analysis of main strand finished.
    Mon Sep  3 09:38:17 2018 : All processes finished.
Mon Sep  3 09:38:17 2018 : Parallel HMM-scan finished.
Mon Sep  3 09:38:17 2018 : Analysing results of HMM-scan (this might take quite some time)...
Mon Sep  3 09:38:19 2018 : Extraction finished!
-----------------------------------------------------------------
Thank you for using ITSx!
Please report bugs or unsupported lineages to itsx@microbiology.se

# Deunique sequences (sequences were uniqued prior to ITSx)

mothur > deunique.seqs(fasta=ITSx_out.ITS1.fasta, name=/shared/Shared_folder/Metagenomics/africa/Combined_pacbio/Filtered_ChimerasDenovoRef.names )

Output File Names: 
ITSx_out.ITS1.redundant.fasta

mothur > deunique.seqs(fasta=ITSx_out.5_8S.fasta, name=/shared/Shared_folder/Metagenomics/africa/Combined_pacbio/Filtered_ChimerasDenovoRef.names )

Output File Names: 
ITSx_out.5_8S.redundant.fasta

mothur > deunique.seqs(fasta=ITSx_out.ITS2.fasta, name=/shared/Shared_folder/Metagenomics/africa/Combined_pacbio/Filtered_ChimerasDenovoRef.names )

Output File Names: 
ITSx_out.ITS2.redundant.fasta

mothur > deunique.seqs(fasta=ITSx_out.LSU.fasta, name=/shared/Shared_folder/Metagenomics/africa/Combined_pacbio/Filtered_ChimerasDenovoRef.names )

Output File Names: 
ITSx_out.LSU.redundant.fasta

# Merging ITSx outputs ITS1 + 5.8S + ITS2 to obtain FULL ITS region
 # Compare with original ITSx output (ITSx_out.full.redundant.fasta)
  # if SSU or LSU has only few base pairs, ITSx does not detect those regions and does not include those in the full ITS output

# done -> output = Full_ITS.fasta

##########################
DONE
#############################
ITSx finished
################################
Output = ITSx_out.*.redundant.fasta
###################################
You may close this window now!

Script done on Mon Sep  3 09:38:20 2018
