Script started on Fri Jun  8 12:15:13 2018
### DEMULTILPEXING ###

When using the incorporated tools, please cite as follows:

mothur (v1.36.1) - Schloss, P.D., et al., 2009. Introducing mothur: Open-Source, Platform-Independent, Community-Supported Software for Describing and Comparing Microbial Communities. Applied and Environmental Microbiology 75, 7537-7541.
www.mothur.org

OBITools (v1.2.9) - Boyer F., Mercier C., Bonin A., et al., 2016. OBITOOLS: a UNIX-inspired software package for DNA metabarcoding. Molecular Ecology Resources 16, 176-182.
Distributed under the CeCILL free software licence version 2
metabarcoding.org//obitools/doc/index.html

vsearch (v1.11.1) - github.com/torognes/vsearch
Copyright (C) 2014-2015, Torbjorn Rognes, Frederic Mahe and Tomas Flouri.

Fastx Toolkit (v0.0.14) - hannonlab.cshl.edu/fastx_toolkit
Distributed under the Affero GPL (AGPL) version 3 by the Free Software Foundation

fqgrep (v0.4.4) - github.com/indraniel/fqgrep
Copyright (c) 2011-2016, Indraniel Das
________________________________________________

Working directory = /shared/Shared_folder/Metagenomics/africa/500_1

Input=/shared/Shared_folder/Metagenomics/africa/500_1/Demultiplexed_1.fasta
   #Input fasta contains 2315 sequences
oligos=/shared/Shared_folder/Metagenomics/africa/500_1/oligo5.txt

# Renaming sequence headers ...

Renamed sequence headers to Seq1, Seq2, ...

# Tag attached to reverse primer, making reverse complementary of 5'-3' oriented reads
vsearch --fastx_revcomp r_Demultiplexed_1.fasta --fasta_width 0 --fastaout r_3-5.fasta
vsearch v1.11.1_linux_x86_64, 13.7GB RAM, 1 cores

### Demultiplexing with mothur ###

bdiffs=0

mothur > trim.seqs(fasta=r_3-5.fasta, oligos=/shared/Shared_folder/Metagenomics/africa/500_1/oligo5.txt, bdiffs=0, processors=4)

Using 4 processors.
560

mothur > trim.seqs(fasta=r_3-5.fasta, oligos=/shared/Shared_folder/Metagenomics/africa/500_1/oligo5.txt, bdiffs=0, processors=4)

Using 4 processors.
567

mothur > trim.seqs(fasta=r_3-5.fasta, oligos=/shared/Shared_folder/Metagenomics/africa/500_1/oligo5.txt, bdiffs=0, processors=4)

Using 4 processors.
591

mothur > trim.seqs(fasta=r_3-5.fasta, oligos=/shared/Shared_folder/Metagenomics/africa/500_1/oligo5.txt, bdiffs=0, processors=4)

Using 4 processors.
597
Appending files from process 1096
Appending files from process 1097
Appending files from process 1098

Group count: 
LR5-13	13
LR5-14	4
LR5-15	6
LR5-16	7
LR5-17	5
LR5-18	7
LR5-19	3
LR5-20	3
Total of all groups is 48

Output File Names: 
r_3-5.trim.fasta
r_3-5.scrap.fasta
r_3-5.groups

### Reoriente reads to 5'-3' using vsearch
mv Demultiplexed.fasta Demultiplexed.rc.fasta
vsearch --fastx_revcomp Demultiplexed.rc.fasta --fasta_width 0 --fastaout Demultiplexed.fasta
vsearch v1.11.1_linux_x86_64, 13.7GB RAM, 1 cores

##########################
DONE
############################
Demultiplexing finished
##############################
output fasta = Demultiplexed.fasta, contains 48 sequences
output groups = Demultiplexed.groups
unidentified = unidentified.fasta
################################
You may close this window now!

Script done on Fri Jun  8 12:15:14 2018
