SampleID	Barcode	ReadsAccepted	ReadsFailed	Passed%
H3	CTAAGGTAA	270002	16876	94.1%
A10	TAAGGAGAA	26	4	86.7%
E2	AAGAGGATT	251793	13596	94.9%
G5	TACCAAGAT	191107	11430	94.4%
C2	CAGAAGGAA	151071	8513	94.7%
G9	CTGCAAGTT	0	0	0%
D4	TTCGTGATT	267334	12386	95.6%
H4	TTCCGATAA	108939	10701	91.1%
C4	TGAGCGGAA	469389	24091	95.1%
B12	CTGACCGAA	191	12	94.1%
F12	TCCTCGAAT	380	41	90.3%
E6	TAGGTGGTT	340200	19746	94.5%
G12	TCTAACGGA	6	0	100%
H12	TTGGAGTGT	2	3	40%
B5	TCTAGAGGT	396134	101175	79.7%
H9	TCTGGATGA	32109	108617	22.8%
D3	TCTATTCGT	365968	15188	96%
F5	AGGCAATTG	103638	111320	48.2%
E7	TTAGTCGGA	128552	11532	91.8%
C7	CAGATCCAT	90603	6036	93.8%
E12	TCGCAATTA	30972	2485	92.6%
D1	TTCGAGACG	414811	30657	93.1%
B2	TGCCACGAA	291116	15770	94.9%
H10	AACCTCATT	2779	237	92.1%
E1	CCTGAGATA	486408	29010	94.4%
E5	TTACAACCT	348596	23698	93.6%
G6	AACCATCCG	121225	7246	94.4%
E10	ATCCGGAAT	8310	410	95.3%
D5	TCGACCACT	278068	23560	92.2%
E9	CGAGGTTAT	110972	8476	92.9%
A2	TCCAAGCTG	180769	10057	94.7%
A8	TCTTACACA	143602	12342	92.1%
A11	TTCTCATTGAA	1043	80	92.9%
C6	TCGCATCGTT	448188	25840	94.5%
D8	TAAGCCATTGT	163046	11036	93.7%
B1	AAGGAATCGT	85847	4088	95.5%
B8	CTTGAGAATGT	143363	10346	93.3%
G11	TGGAGGACGGA	239	16	93.7%
G4	TAACAATCGG	202659	15615	92.8%
D10	CTGACATAAT	4878	262	94.9%
G2	TTCCACTTCG	390316	20849	94.9%
G1	AGCACGAAT	347244	24526	93.4%
G8	CTTGACACCG	175125	5942	96.7%
B7	TTGGAGGCCAG	124275	7054	94.6%
D12	TGGAGCTTCCT	1068	80	93%
H2	TCAGTCCGAA	448939	66151	87.2%
E3	TAAGGCAACCA	97	7	93.3%
F8	TTCTAAGAGA	6724	333	95.3%
E4	TCCTAACATAA	304367	18344	94.3%
F1	CGGACAATGG	407466	21758	94.9%
G7	TTGAGCCTATT	213693	18993	91.8%
A1	CCGCATGGAA	292131	13751	95.5%
A12	CTGGCAATCCT	915	92	90.9%
A7	CCGGAGAATCG	75277	7155	91.3%
H7	TCCACCTCCT	157555	10388	93.8%
C11	CAGCATTAATT	114	8	93.4%
B3	TCTGGCAACGG	383666	20545	94.9%
D6	TCCTAGAACA	265282	12095	95.6%
C3	TCCTTGATGTT	250987	22179	91.9%
B4	TCTAGCTCTT	217535	19129	91.9%
D11	TCACTCGGAT	5680	466	92.4%
B9	TTCCTGCTTCA	133809	11451	92.1%
H5	CCTTAGAGTT	113439	6629	94.5%
C1	CTGAGTTCCGA	297718	20916	93.4%
F9	TCCTGGCACAT	187807	13279	93.4%
A3	CCGCAATCAT	372321	21307	94.6%
F6	TTCCTACCAGT	156519	13940	91.8%
A6	TCAAGAAGTT	283336	13602	95.4%
E8	TTCAATTGG	22467	1269	94.7%
B6	CCTACTGGT	215425	14778	93.6%
G10	TGAGGCTCCGA	7	0	100%
H11	CGAAGGCCACA	32	2	94.1%
H1	TCTGCCTGT	341198	23002	93.7%
E11	CGATCGGTT	6921	452	93.9%
C10	TCAGGAATA	3498	229	93.9%
F2	CGGAAGAACCT	222837	12292	94.8%
F7	CGAAGCGATT	106534	9313	92%
F3	CAGCCAATTCT	146375	12970	91.9%
H6	CCTGGTTGT	223161	12392	94.7%
D9	TCGAAGGCAGG	2711	119	95.8%
D7	CCTGCCATTCG	86583	6618	92.9%
B10	TTGGCATCT	2458	175	93.4%
F10	CTAGGACATT	93	5	94.9%
A5	CTTCCATAA	376856	23418	94.1%
F11	CCAGCCTCAA	18	0	100%
A9	CTTGGTTATT	125411	5693	95.7%
F4	TTGGCTGGA	344938	21334	94.2%
G3	CCGAACACTT	232631	22995	91%
C8	TCCTGAATCT	399631	23422	94.5%
C5	CTAACCACGG	293051	14577	95.3%
D2	CGGAAGGATG	91034	6154	93.7%
H8	CTAGGAACCG	434	43	91%
B11	CTTGTCCAAT	0	0	0%
A4	TCCGACAAG	232950	15669	93.7%
C12	CGGACAGAT	3934	723	84.5%
C9	TTAAGCGGT	192923	13792	93.3%
ITS4	TCCTCCGC	126607	14857	89.5%
ITS4A	TCCTCGCC	26793	2492	91.5%
ITS1f	CTTGGTCAT	0	81	0%
gITS7	GTGARTCA	0	0	0%
ITS4-IT	CCTCTCTAT	0	0	0%
