sdm 1.44 beta
Input File:  Example//rawlib.basecaller.fastq
Output File: myTorrent/tmpFiles//demulti.fna
Statistics of high quality reads

Reads processed: 20,717,742
Rejected: 4,642,493
Accepted: 16,075,249 (2 were end-trimmed)
Bad Reads recovered with dereplication: 2
Min/Avg/Max stats Pair 1
     - Seq Length : 250/35.9/538
     - Quality :   25/61/66
     - Median Seq Length : 0, Quality : 0
     - Accum. Error inf
Trimmed due to:
  > 20 avg qual in 15 bp windows :         2
Rejected due to:
  < min Seq length (250)  :                3,506,174
       -after Quality trimming :           2
  < avg Quality (25)  :                    1
  < window (50 nt) avg. Quality (0)  :    0
  > max Seq length (1000)  :               0
  > (12) homo-nt run  :                    178,297
  > (0) amb. Bases  :                      0
Specific sequence searches:
  -With fwd Primer remaining (<= 1 mismatches, required) : 444,430
  -Barcode unidentified (max 0 errors) :                   513,589

SampleID	Barcode	Instances
H3	CTAAGGTAA	270,002
A10	TAAGGAGAA	26
E2	AAGAGGATT	251,793
G5	TACCAAGAT	191,107
C2	CAGAAGGAA	151,071
G9	CTGCAAGTT	0
D4	TTCGTGATT	267,334
H4	TTCCGATAA	108,939
C4	TGAGCGGAA	469,389
B12	CTGACCGAA	191
F12	TCCTCGAAT	380
E6	TAGGTGGTT	340,200
G12	TCTAACGGA	6
H12	TTGGAGTGT	2
B5	TCTAGAGGT	396,134
H9	TCTGGATGA	32,109
D3	TCTATTCGT	365,968
F5	AGGCAATTG	103,638
E7	TTAGTCGGA	128,552
C7	CAGATCCAT	90,603
E12	TCGCAATTA	30,972
D1	TTCGAGACG	414,811
B2	TGCCACGAA	291,116
H10	AACCTCATT	2,779
E1	CCTGAGATA	486,408
E5	TTACAACCT	348,596
G6	AACCATCCG	121,225
E10	ATCCGGAAT	8,310
D5	TCGACCACT	278,068
E9	CGAGGTTAT	110,972
A2	TCCAAGCTG	180,769
A8	TCTTACACA	143,602
A11	TTCTCATTGAA	1,043
C6	TCGCATCGTT	448,188
D8	TAAGCCATTGT	163,046
B1	AAGGAATCGT	85,847
B8	CTTGAGAATGT	143,363
G11	TGGAGGACGGA	239
G4	TAACAATCGG	202,659
D10	CTGACATAAT	4,878
G2	TTCCACTTCG	390,316
G1	AGCACGAAT	347,244
G8	CTTGACACCG	175,125
B7	TTGGAGGCCAG	124,275
D12	TGGAGCTTCCT	1,068
H2	TCAGTCCGAA	448,939
E3	TAAGGCAACCA	97
F8	TTCTAAGAGA	6,724
E4	TCCTAACATAA	304,367
F1	CGGACAATGG	407,466
G7	TTGAGCCTATT	213,693
A1	CCGCATGGAA	292,131
A12	CTGGCAATCCT	915
A7	CCGGAGAATCG	75,277
H7	TCCACCTCCT	157,555
C11	CAGCATTAATT	114
B3	TCTGGCAACGG	383,666
D6	TCCTAGAACA	265,282
C3	TCCTTGATGTT	250,987
B4	TCTAGCTCTT	217,535
D11	TCACTCGGAT	5,680
B9	TTCCTGCTTCA	133,809
H5	CCTTAGAGTT	113,439
C1	CTGAGTTCCGA	297,718
F9	TCCTGGCACAT	187,807
A3	CCGCAATCAT	372,321
F6	TTCCTACCAGT	156,519
A6	TCAAGAAGTT	283,336
E8	TTCAATTGG	22,467
B6	CCTACTGGT	215,425
G10	TGAGGCTCCGA	7
H11	CGAAGGCCACA	32
H1	TCTGCCTGT	341,198
E11	CGATCGGTT	6,921
C10	TCAGGAATA	3,498
F2	CGGAAGAACCT	222,837
F7	CGAAGCGATT	106,534
F3	CAGCCAATTCT	146,375
H6	CCTGGTTGT	223,161
D9	TCGAAGGCAGG	2,711
D7	CCTGCCATTCG	86,583
B10	TTGGCATCT	2,458
F10	CTAGGACATT	93
A5	CTTCCATAA	376,856
F11	CCAGCCTCAA	18
A9	CTTGGTTATT	125,411
F4	TTGGCTGGA	344,938
G3	CCGAACACTT	232,631
C8	TCCTGAATCT	399,631
C5	CTAACCACGG	293,051
D2	CGGAAGGATG	91,034
H8	CTAGGAACCG	434
B11	CTTGTCCAAT	0
A4	TCCGACAAG	232,950
C12	CGGACAGAT	3,934
C9	TTAAGCGGT	192,923
ITS4	TCCTCCGC	126,607
ITS4A	TCCTCGCC	26,793
ITS1f	CTTGGTCAT	0
gITS7	GTGARTCA	0
ITS4-IT	CCTCTCTAT	0
